

Started GET "/" for 127.0.0.1 at 2013-07-22 23:51:24 -0500
Processing by Rails::WelcomeController#index as HTML
  Rendered /var/lib/gems/1.9.1/gems/railties-4.0.0/lib/rails/templates/rails/welcome/index.html.erb (1.8ms)
Completed 200 OK in 38ms (Views: 23.2ms | ActiveRecord: 0.0ms)


Started GET "/first_app" for 127.0.0.1 at 2013-07-22 23:51:40 -0500

ActionController::RoutingError (No route matches [GET] "/first_app"):
  actionpack (4.0.0) lib/action_dispatch/middleware/debug_exceptions.rb:21:in `call'
  actionpack (4.0.0) lib/action_dispatch/middleware/show_exceptions.rb:30:in `call'
  railties (4.0.0) lib/rails/rack/logger.rb:38:in `call_app'
  railties (4.0.0) lib/rails/rack/logger.rb:21:in `block in call'
  activesupport (4.0.0) lib/active_support/tagged_logging.rb:67:in `block in tagged'
  activesupport (4.0.0) lib/active_support/tagged_logging.rb:25:in `tagged'
  activesupport (4.0.0) lib/active_support/tagged_logging.rb:67:in `tagged'
  railties (4.0.0) lib/rails/rack/logger.rb:21:in `call'
  actionpack (4.0.0) lib/action_dispatch/middleware/request_id.rb:21:in `call'
  rack (1.5.2) lib/rack/methodoverride.rb:21:in `call'
  rack (1.5.2) lib/rack/runtime.rb:17:in `call'
  activesupport (4.0.0) lib/active_support/cache/strategy/local_cache.rb:83:in `call'
  rack (1.5.2) lib/rack/lock.rb:17:in `call'
  actionpack (4.0.0) lib/action_dispatch/middleware/static.rb:64:in `call'
  railties (4.0.0) lib/rails/engine.rb:511:in `call'
  railties (4.0.0) lib/rails/application.rb:97:in `call'
  rack (1.5.2) lib/rack/lock.rb:17:in `call'
  rack (1.5.2) lib/rack/content_length.rb:14:in `call'
  rack (1.5.2) lib/rack/handler/webrick.rb:60:in `service'
  /usr/lib/ruby/1.9.1/webrick/httpserver.rb:138:in `service'
  /usr/lib/ruby/1.9.1/webrick/httpserver.rb:94:in `run'
  /usr/lib/ruby/1.9.1/webrick/server.rb:191:in `block in start_thread'


  Rendered /var/lib/gems/1.9.1/gems/actionpack-4.0.0/lib/action_dispatch/middleware/templates/rescues/_trace.erb (15.4ms)
  Rendered /var/lib/gems/1.9.1/gems/actionpack-4.0.0/lib/action_dispatch/middleware/templates/routes/_table.html.erb (3.6ms)
  Rendered /var/lib/gems/1.9.1/gems/actionpack-4.0.0/lib/action_dispatch/middleware/templates/rescues/routing_error.erb within rescues/layout (27.6ms)


Started GET "/rails/info/properties" for 127.0.0.1 at 2013-07-22 23:56:20 -0500
Processing by Rails::InfoController#properties as */*
  Rendered /var/lib/gems/1.9.1/gems/railties-4.0.0/lib/rails/templates/rails/info/properties.html.erb (0.3ms)
Completed 200 OK in 33ms (Views: 6.7ms | ActiveRecord: 1.9ms)
